<?xml version="1.0" encoding="UTF-8"?>
<testsuite xmlns:xsi="http://www.w3.org/2001/XMLSchema-instance" xsi:noNamespaceSchemaLocation="https://maven.apache.org/surefire/maven-surefire-plugin/xsd/surefire-test-report.xsd" name="org.example.AppTest" time="0.026" tests="1" errors="0" skipped="0" failures="0">
  <properties>
    <property name="sun.desktop" value="windows"/>
    <property name="awt.toolkit" value="sun.awt.windows.WToolkit"/>
    <property name="java.specification.version" value="12"/>
    <property name="sun.cpu.isalist" value="amd64"/>
    <property name="sun.jnu.encoding" value="GBK"/>
    <property name="java.class.path" value="D:\code\StudentInfoManage\target\test-classes;D:\code\StudentInfoManage\target\classes;C:\Maven\apache-maven-3.6.3\Maven-Repository\javax\xml\bind\jaxb-api\2.3.0\jaxb-api-2.3.0.jar;C:\Maven\apache-maven-3.6.3\Maven-Repository\com\sun\xml\bind\jaxb-impl\2.3.0\jaxb-impl-2.3.0.jar;C:\Maven\apache-maven-3.6.3\Maven-Repository\com\sun\xml\bind\jaxb-core\2.3.0\jaxb-core-2.3.0.jar;C:\Maven\apache-maven-3.6.3\Maven-Repository\javax\activation\activation\1.1.1\activation-1.1.1.jar;C:\Maven\apache-maven-3.6.3\Maven-Repository\junit\junit\4.11\junit-4.11.jar;C:\Maven\apache-maven-3.6.3\Maven-Repository\org\hamcrest\hamcrest-core\1.3\hamcrest-core-1.3.jar;C:\Maven\apache-maven-3.6.3\Maven-Repository\org\springframework\boot\spring-boot-starter-web\2.1.6.RELEASE\spring-boot-starter-web-2.1.6.RELEASE.jar;C:\Maven\apache-maven-3.6.3\Maven-Repository\org\springframework\boot\spring-boot-starter\2.1.8.RELEASE\spring-boot-starter-2.1.8.RELEASE.jar;C:\Maven\apache-maven-3.6.3\Maven-Repository\org\springframework\boot\spring-boot-starter-logging\2.1.8.RELEASE\spring-boot-starter-logging-2.1.8.RELEASE.jar;C:\Maven\apache-maven-3.6.3\Maven-Repository\ch\qos\logback\logback-classic\1.2.3\logback-classic-1.2.3.jar;C:\Maven\apache-maven-3.6.3\Maven-Repository\ch\qos\logback\logback-core\1.2.3\logback-core-1.2.3.jar;C:\Maven\apache-maven-3.6.3\Maven-Repository\org\apache\logging\log4j\log4j-to-slf4j\2.11.2\log4j-to-slf4j-2.11.2.jar;C:\Maven\apache-maven-3.6.3\Maven-Repository\org\apache\logging\log4j\log4j-api\2.11.2\log4j-api-2.11.2.jar;C:\Maven\apache-maven-3.6.3\Maven-Repository\org\slf4j\jul-to-slf4j\1.7.28\jul-to-slf4j-1.7.28.jar;C:\Maven\apache-maven-3.6.3\Maven-Repository\javax\annotation\javax.annotation-api\1.3.2\javax.annotation-api-1.3.2.jar;C:\Maven\apache-maven-3.6.3\Maven-Repository\org\springframework\spring-core\5.1.9.RELEASE\spring-core-5.1.9.RELEASE.jar;C:\Maven\apache-maven-3.6.3\Maven-Repository\org\springframework\spring-jcl\5.1.9.RELEASE\spring-jcl-5.1.9.RELEASE.jar;C:\Maven\apache-maven-3.6.3\Maven-Repository\org\yaml\snakeyaml\1.23\snakeyaml-1.23.jar;C:\Maven\apache-maven-3.6.3\Maven-Repository\org\springframework\boot\spring-boot-starter-json\2.1.8.RELEASE\spring-boot-starter-json-2.1.8.RELEASE.jar;C:\Maven\apache-maven-3.6.3\Maven-Repository\com\fasterxml\jackson\datatype\jackson-datatype-jdk8\2.9.9\jackson-datatype-jdk8-2.9.9.jar;C:\Maven\apache-maven-3.6.3\Maven-Repository\com\fasterxml\jackson\datatype\jackson-datatype-jsr310\2.9.9\jackson-datatype-jsr310-2.9.9.jar;C:\Maven\apache-maven-3.6.3\Maven-Repository\com\fasterxml\jackson\module\jackson-module-parameter-names\2.9.9\jackson-module-parameter-names-2.9.9.jar;C:\Maven\apache-maven-3.6.3\Maven-Repository\org\springframework\boot\spring-boot-starter-tomcat\2.1.8.RELEASE\spring-boot-starter-tomcat-2.1.8.RELEASE.jar;C:\Maven\apache-maven-3.6.3\Maven-Repository\org\apache\tomcat\embed\tomcat-embed-core\9.0.24\tomcat-embed-core-9.0.24.jar;C:\Maven\apache-maven-3.6.3\Maven-Repository\org\apache\tomcat\embed\tomcat-embed-el\9.0.24\tomcat-embed-el-9.0.24.jar;C:\Maven\apache-maven-3.6.3\Maven-Repository\org\apache\tomcat\embed\tomcat-embed-websocket\9.0.24\tomcat-embed-websocket-9.0.24.jar;C:\Maven\apache-maven-3.6.3\Maven-Repository\org\hibernate\validator\hibernate-validator\6.0.17.Final\hibernate-validator-6.0.17.Final.jar;C:\Maven\apache-maven-3.6.3\Maven-Repository\javax\validation\validation-api\2.0.1.Final\validation-api-2.0.1.Final.jar;C:\Maven\apache-maven-3.6.3\Maven-Repository\org\jboss\logging\jboss-logging\3.3.3.Final\jboss-logging-3.3.3.Final.jar;C:\Maven\apache-maven-3.6.3\Maven-Repository\com\fasterxml\classmate\1.4.0\classmate-1.4.0.jar;C:\Maven\apache-maven-3.6.3\Maven-Repository\org\springframework\spring-web\5.1.9.RELEASE\spring-web-5.1.9.RELEASE.jar;C:\Maven\apache-maven-3.6.3\Maven-Repository\org\springframework\spring-beans\5.1.9.RELEASE\spring-beans-5.1.9.RELEASE.jar;C:\Maven\apache-maven-3.6.3\Maven-Repository\org\springframework\spring-webmvc\5.1.9.RELEASE\spring-webmvc-5.1.9.RELEASE.jar;C:\Maven\apache-maven-3.6.3\Maven-Repository\org\springframework\spring-aop\5.1.9.RELEASE\spring-aop-5.1.9.RELEASE.jar;C:\Maven\apache-maven-3.6.3\Maven-Repository\org\springframework\spring-context\5.1.9.RELEASE\spring-context-5.1.9.RELEASE.jar;C:\Maven\apache-maven-3.6.3\Maven-Repository\org\springframework\spring-expression\5.1.9.RELEASE\spring-expression-5.1.9.RELEASE.jar;C:\Maven\apache-maven-3.6.3\Maven-Repository\org\mybatis\spring\boot\mybatis-spring-boot-starter\1.0.2\mybatis-spring-boot-starter-1.0.2.jar;C:\Maven\apache-maven-3.6.3\Maven-Repository\org\springframework\boot\spring-boot-starter-jdbc\2.1.8.RELEASE\spring-boot-starter-jdbc-2.1.8.RELEASE.jar;C:\Maven\apache-maven-3.6.3\Maven-Repository\com\zaxxer\HikariCP\3.2.0\HikariCP-3.2.0.jar;C:\Maven\apache-maven-3.6.3\Maven-Repository\org\slf4j\slf4j-api\1.7.28\slf4j-api-1.7.28.jar;C:\Maven\apache-maven-3.6.3\Maven-Repository\org\springframework\spring-jdbc\5.1.9.RELEASE\spring-jdbc-5.1.9.RELEASE.jar;C:\Maven\apache-maven-3.6.3\Maven-Repository\org\springframework\spring-tx\5.1.9.RELEASE\spring-tx-5.1.9.RELEASE.jar;C:\Maven\apache-maven-3.6.3\Maven-Repository\org\mybatis\spring\boot\mybatis-spring-boot-autoconfigure\1.0.2\mybatis-spring-boot-autoconfigure-1.0.2.jar;C:\Maven\apache-maven-3.6.3\Maven-Repository\org\mybatis\mybatis\3.3.1\mybatis-3.3.1.jar;C:\Maven\apache-maven-3.6.3\Maven-Repository\org\mybatis\mybatis-spring\1.2.5\mybatis-spring-1.2.5.jar;C:\Maven\apache-maven-3.6.3\Maven-Repository\com\h2database\h2\1.4.199\h2-1.4.199.jar;C:\Maven\apache-maven-3.6.3\Maven-Repository\io\jsonwebtoken\jjwt\0.9.1\jjwt-0.9.1.jar;C:\Maven\apache-maven-3.6.3\Maven-Repository\com\fasterxml\jackson\core\jackson-databind\2.9.9.3\jackson-databind-2.9.9.3.jar;C:\Maven\apache-maven-3.6.3\Maven-Repository\com\fasterxml\jackson\core\jackson-annotations\2.9.0\jackson-annotations-2.9.0.jar;C:\Maven\apache-maven-3.6.3\Maven-Repository\com\fasterxml\jackson\core\jackson-core\2.9.9\jackson-core-2.9.9.jar;C:\Maven\apache-maven-3.6.3\Maven-Repository\org\springframework\boot\spring-boot-configuration-processor\2.1.8.RELEASE\spring-boot-configuration-processor-2.1.8.RELEASE.jar;C:\Maven\apache-maven-3.6.3\Maven-Repository\com\github\pagehelper\pagehelper-spring-boot-starter\1.2.12\pagehelper-spring-boot-starter-1.2.12.jar;C:\Maven\apache-maven-3.6.3\Maven-Repository\com\github\pagehelper\pagehelper-spring-boot-autoconfigure\1.2.12\pagehelper-spring-boot-autoconfigure-1.2.12.jar;C:\Maven\apache-maven-3.6.3\Maven-Repository\com\github\pagehelper\pagehelper\5.1.10\pagehelper-5.1.10.jar;C:\Maven\apache-maven-3.6.3\Maven-Repository\com\github\jsqlparser\jsqlparser\2.0\jsqlparser-2.0.jar;C:\Maven\apache-maven-3.6.3\Maven-Repository\com\google\code\gson\gson\2.8.6\gson-2.8.6.jar;C:\Maven\apache-maven-3.6.3\Maven-Repository\commons-fileupload\commons-fileupload\1.3.1\commons-fileupload-1.3.1.jar;C:\Maven\apache-maven-3.6.3\Maven-Repository\mysql\mysql-connector-java\8.0.17\mysql-connector-java-8.0.17.jar;C:\Maven\apache-maven-3.6.3\Maven-Repository\commons-io\commons-io\2.6\commons-io-2.6.jar;C:\Maven\apache-maven-3.6.3\Maven-Repository\org\springframework\boot\spring-boot-devtools\2.1.8.RELEASE\spring-boot-devtools-2.1.8.RELEASE.jar;C:\Maven\apache-maven-3.6.3\Maven-Repository\org\springframework\boot\spring-boot\2.1.8.RELEASE\spring-boot-2.1.8.RELEASE.jar;C:\Maven\apache-maven-3.6.3\Maven-Repository\org\springframework\boot\spring-boot-autoconfigure\2.1.8.RELEASE\spring-boot-autoconfigure-2.1.8.RELEASE.jar;"/>
    <property name="java.vm.vendor" value="Oracle Corporation"/>
    <property name="sun.arch.data.model" value="64"/>
    <property name="user.variant" value=""/>
    <property name="java.vendor.url" value="https://java.oracle.com/"/>
    <property name="user.timezone" value="Asia/Shanghai"/>
    <property name="os.name" value="Windows 10"/>
    <property name="java.vm.specification.version" value="12"/>
    <property name="sun.java.launcher" value="SUN_STANDARD"/>
    <property name="user.country" value="CN"/>
    <property name="sun.boot.library.path" value="C:\jdk-12.0.2\bin"/>
    <property name="sun.java.command" value="C:\Users\DELL\AppData\Local\Temp\surefire1334214701358668602\surefirebooter9501975221083076203.jar C:\Users\DELL\AppData\Local\Temp\surefire1334214701358668602 2020-08-20T21-47-24_602-jvmRun1 surefire5975094750684570624tmp surefire_013235536453871666365tmp"/>
    <property name="jdk.debug" value="release"/>
    <property name="surefire.test.class.path" value="D:\code\StudentInfoManage\target\test-classes;D:\code\StudentInfoManage\target\classes;C:\Maven\apache-maven-3.6.3\Maven-Repository\javax\xml\bind\jaxb-api\2.3.0\jaxb-api-2.3.0.jar;C:\Maven\apache-maven-3.6.3\Maven-Repository\com\sun\xml\bind\jaxb-impl\2.3.0\jaxb-impl-2.3.0.jar;C:\Maven\apache-maven-3.6.3\Maven-Repository\com\sun\xml\bind\jaxb-core\2.3.0\jaxb-core-2.3.0.jar;C:\Maven\apache-maven-3.6.3\Maven-Repository\javax\activation\activation\1.1.1\activation-1.1.1.jar;C:\Maven\apache-maven-3.6.3\Maven-Repository\junit\junit\4.11\junit-4.11.jar;C:\Maven\apache-maven-3.6.3\Maven-Repository\org\hamcrest\hamcrest-core\1.3\hamcrest-core-1.3.jar;C:\Maven\apache-maven-3.6.3\Maven-Repository\org\springframework\boot\spring-boot-starter-web\2.1.6.RELEASE\spring-boot-starter-web-2.1.6.RELEASE.jar;C:\Maven\apache-maven-3.6.3\Maven-Repository\org\springframework\boot\spring-boot-starter\2.1.8.RELEASE\spring-boot-starter-2.1.8.RELEASE.jar;C:\Maven\apache-maven-3.6.3\Maven-Repository\org\springframework\boot\spring-boot-starter-logging\2.1.8.RELEASE\spring-boot-starter-logging-2.1.8.RELEASE.jar;C:\Maven\apache-maven-3.6.3\Maven-Repository\ch\qos\logback\logback-classic\1.2.3\logback-classic-1.2.3.jar;C:\Maven\apache-maven-3.6.3\Maven-Repository\ch\qos\logback\logback-core\1.2.3\logback-core-1.2.3.jar;C:\Maven\apache-maven-3.6.3\Maven-Repository\org\apache\logging\log4j\log4j-to-slf4j\2.11.2\log4j-to-slf4j-2.11.2.jar;C:\Maven\apache-maven-3.6.3\Maven-Repository\org\apache\logging\log4j\log4j-api\2.11.2\log4j-api-2.11.2.jar;C:\Maven\apache-maven-3.6.3\Maven-Repository\org\slf4j\jul-to-slf4j\1.7.28\jul-to-slf4j-1.7.28.jar;C:\Maven\apache-maven-3.6.3\Maven-Repository\javax\annotation\javax.annotation-api\1.3.2\javax.annotation-api-1.3.2.jar;C:\Maven\apache-maven-3.6.3\Maven-Repository\org\springframework\spring-core\5.1.9.RELEASE\spring-core-5.1.9.RELEASE.jar;C:\Maven\apache-maven-3.6.3\Maven-Repository\org\springframework\spring-jcl\5.1.9.RELEASE\spring-jcl-5.1.9.RELEASE.jar;C:\Maven\apache-maven-3.6.3\Maven-Repository\org\yaml\snakeyaml\1.23\snakeyaml-1.23.jar;C:\Maven\apache-maven-3.6.3\Maven-Repository\org\springframework\boot\spring-boot-starter-json\2.1.8.RELEASE\spring-boot-starter-json-2.1.8.RELEASE.jar;C:\Maven\apache-maven-3.6.3\Maven-Repository\com\fasterxml\jackson\datatype\jackson-datatype-jdk8\2.9.9\jackson-datatype-jdk8-2.9.9.jar;C:\Maven\apache-maven-3.6.3\Maven-Repository\com\fasterxml\jackson\datatype\jackson-datatype-jsr310\2.9.9\jackson-datatype-jsr310-2.9.9.jar;C:\Maven\apache-maven-3.6.3\Maven-Repository\com\fasterxml\jackson\module\jackson-module-parameter-names\2.9.9\jackson-module-parameter-names-2.9.9.jar;C:\Maven\apache-maven-3.6.3\Maven-Repository\org\springframework\boot\spring-boot-starter-tomcat\2.1.8.RELEASE\spring-boot-starter-tomcat-2.1.8.RELEASE.jar;C:\Maven\apache-maven-3.6.3\Maven-Repository\org\apache\tomcat\embed\tomcat-embed-core\9.0.24\tomcat-embed-core-9.0.24.jar;C:\Maven\apache-maven-3.6.3\Maven-Repository\org\apache\tomcat\embed\tomcat-embed-el\9.0.24\tomcat-embed-el-9.0.24.jar;C:\Maven\apache-maven-3.6.3\Maven-Repository\org\apache\tomcat\embed\tomcat-embed-websocket\9.0.24\tomcat-embed-websocket-9.0.24.jar;C:\Maven\apache-maven-3.6.3\Maven-Repository\org\hibernate\validator\hibernate-validator\6.0.17.Final\hibernate-validator-6.0.17.Final.jar;C:\Maven\apache-maven-3.6.3\Maven-Repository\javax\validation\validation-api\2.0.1.Final\validation-api-2.0.1.Final.jar;C:\Maven\apache-maven-3.6.3\Maven-Repository\org\jboss\logging\jboss-logging\3.3.3.Final\jboss-logging-3.3.3.Final.jar;C:\Maven\apache-maven-3.6.3\Maven-Repository\com\fasterxml\classmate\1.4.0\classmate-1.4.0.jar;C:\Maven\apache-maven-3.6.3\Maven-Repository\org\springframework\spring-web\5.1.9.RELEASE\spring-web-5.1.9.RELEASE.jar;C:\Maven\apache-maven-3.6.3\Maven-Repository\org\springframework\spring-beans\5.1.9.RELEASE\spring-beans-5.1.9.RELEASE.jar;C:\Maven\apache-maven-3.6.3\Maven-Repository\org\springframework\spring-webmvc\5.1.9.RELEASE\spring-webmvc-5.1.9.RELEASE.jar;C:\Maven\apache-maven-3.6.3\Maven-Repository\org\springframework\spring-aop\5.1.9.RELEASE\spring-aop-5.1.9.RELEASE.jar;C:\Maven\apache-maven-3.6.3\Maven-Repository\org\springframework\spring-context\5.1.9.RELEASE\spring-context-5.1.9.RELEASE.jar;C:\Maven\apache-maven-3.6.3\Maven-Repository\org\springframework\spring-expression\5.1.9.RELEASE\spring-expression-5.1.9.RELEASE.jar;C:\Maven\apache-maven-3.6.3\Maven-Repository\org\mybatis\spring\boot\mybatis-spring-boot-starter\1.0.2\mybatis-spring-boot-starter-1.0.2.jar;C:\Maven\apache-maven-3.6.3\Maven-Repository\org\springframework\boot\spring-boot-starter-jdbc\2.1.8.RELEASE\spring-boot-starter-jdbc-2.1.8.RELEASE.jar;C:\Maven\apache-maven-3.6.3\Maven-Repository\com\zaxxer\HikariCP\3.2.0\HikariCP-3.2.0.jar;C:\Maven\apache-maven-3.6.3\Maven-Repository\org\slf4j\slf4j-api\1.7.28\slf4j-api-1.7.28.jar;C:\Maven\apache-maven-3.6.3\Maven-Repository\org\springframework\spring-jdbc\5.1.9.RELEASE\spring-jdbc-5.1.9.RELEASE.jar;C:\Maven\apache-maven-3.6.3\Maven-Repository\org\springframework\spring-tx\5.1.9.RELEASE\spring-tx-5.1.9.RELEASE.jar;C:\Maven\apache-maven-3.6.3\Maven-Repository\org\mybatis\spring\boot\mybatis-spring-boot-autoconfigure\1.0.2\mybatis-spring-boot-autoconfigure-1.0.2.jar;C:\Maven\apache-maven-3.6.3\Maven-Repository\org\mybatis\mybatis\3.3.1\mybatis-3.3.1.jar;C:\Maven\apache-maven-3.6.3\Maven-Repository\org\mybatis\mybatis-spring\1.2.5\mybatis-spring-1.2.5.jar;C:\Maven\apache-maven-3.6.3\Maven-Repository\com\h2database\h2\1.4.199\h2-1.4.199.jar;C:\Maven\apache-maven-3.6.3\Maven-Repository\io\jsonwebtoken\jjwt\0.9.1\jjwt-0.9.1.jar;C:\Maven\apache-maven-3.6.3\Maven-Repository\com\fasterxml\jackson\core\jackson-databind\2.9.9.3\jackson-databind-2.9.9.3.jar;C:\Maven\apache-maven-3.6.3\Maven-Repository\com\fasterxml\jackson\core\jackson-annotations\2.9.0\jackson-annotations-2.9.0.jar;C:\Maven\apache-maven-3.6.3\Maven-Repository\com\fasterxml\jackson\core\jackson-core\2.9.9\jackson-core-2.9.9.jar;C:\Maven\apache-maven-3.6.3\Maven-Repository\org\springframework\boot\spring-boot-configuration-processor\2.1.8.RELEASE\spring-boot-configuration-processor-2.1.8.RELEASE.jar;C:\Maven\apache-maven-3.6.3\Maven-Repository\com\github\pagehelper\pagehelper-spring-boot-starter\1.2.12\pagehelper-spring-boot-starter-1.2.12.jar;C:\Maven\apache-maven-3.6.3\Maven-Repository\com\github\pagehelper\pagehelper-spring-boot-autoconfigure\1.2.12\pagehelper-spring-boot-autoconfigure-1.2.12.jar;C:\Maven\apache-maven-3.6.3\Maven-Repository\com\github\pagehelper\pagehelper\5.1.10\pagehelper-5.1.10.jar;C:\Maven\apache-maven-3.6.3\Maven-Repository\com\github\jsqlparser\jsqlparser\2.0\jsqlparser-2.0.jar;C:\Maven\apache-maven-3.6.3\Maven-Repository\com\google\code\gson\gson\2.8.6\gson-2.8.6.jar;C:\Maven\apache-maven-3.6.3\Maven-Repository\commons-fileupload\commons-fileupload\1.3.1\commons-fileupload-1.3.1.jar;C:\Maven\apache-maven-3.6.3\Maven-Repository\mysql\mysql-connector-java\8.0.17\mysql-connector-java-8.0.17.jar;C:\Maven\apache-maven-3.6.3\Maven-Repository\commons-io\commons-io\2.6\commons-io-2.6.jar;C:\Maven\apache-maven-3.6.3\Maven-Repository\org\springframework\boot\spring-boot-devtools\2.1.8.RELEASE\spring-boot-devtools-2.1.8.RELEASE.jar;C:\Maven\apache-maven-3.6.3\Maven-Repository\org\springframework\boot\spring-boot\2.1.8.RELEASE\spring-boot-2.1.8.RELEASE.jar;C:\Maven\apache-maven-3.6.3\Maven-Repository\org\springframework\boot\spring-boot-autoconfigure\2.1.8.RELEASE\spring-boot-autoconfigure-2.1.8.RELEASE.jar;"/>
    <property name="sun.cpu.endian" value="little"/>
    <property name="user.home" value="C:\Users\DELL"/>
    <property name="user.language" value="zh"/>
    <property name="java.specification.vendor" value="Oracle Corporation"/>
    <property name="java.version.date" value="2019-07-16"/>
    <property name="java.home" value="C:\jdk-12.0.2"/>
    <property name="file.separator" value="\"/>
    <property name="basedir" value="D:\code\StudentInfoManage"/>
    <property name="java.vm.compressedOopsMode" value="Zero based"/>
    <property name="line.separator" value="&#10;"/>
    <property name="java.vm.specification.vendor" value="Oracle Corporation"/>
    <property name="java.specification.name" value="Java Platform API Specification"/>
    <property name="java.awt.graphicsenv" value="sun.awt.Win32GraphicsEnvironment"/>
    <property name="surefire.real.class.path" value="C:\Users\DELL\AppData\Local\Temp\surefire1334214701358668602\surefirebooter9501975221083076203.jar"/>
    <property name="user.script" value=""/>
    <property name="sun.management.compiler" value="HotSpot 64-Bit Tiered Compilers"/>
    <property name="java.runtime.version" value="12.0.2+10"/>
    <property name="user.name" value="DELL"/>
    <property name="path.separator" value=";"/>
    <property name="os.version" value="10.0"/>
    <property name="java.runtime.name" value="Java(TM) SE Runtime Environment"/>
    <property name="file.encoding" value="GBK"/>
    <property name="java.vm.name" value="Java HotSpot(TM) 64-Bit Server VM"/>
    <property name="localRepository" value="C:\Maven\apache-maven-3.6.3\Maven-Repository"/>
    <property name="java.vendor.url.bug" value="https://bugreport.java.com/bugreport/"/>
    <property name="java.io.tmpdir" value="C:\Users\DELL\AppData\Local\Temp\"/>
    <property name="java.version" value="12.0.2"/>
    <property name="user.dir" value="D:\code\StudentInfoManage"/>
    <property name="os.arch" value="amd64"/>
    <property name="java.vm.specification.name" value="Java Virtual Machine Specification"/>
    <property name="sun.os.patch.level" value=""/>
    <property name="java.library.path" value="C:\jdk-12.0.2\bin;C:\Windows\Sun\Java\bin;C:\Windows\system32;C:\Windows;C:\Windows\system32;C:\Windows;C:\Windows\System32\Wbem;C:\Windows\System32\WindowsPowerShell\v1.0\;C:\Windows\System32\OpenSSH\;C:\Program Files (x86)\NVIDIA Corporation\PhysX\Common;C:\Program Files\NVIDIA Corporation\NVIDIA NvDLISR;C:\Program Files\Git\cmd;C:\Program Files (x86)\Intel\Intel(R) Management Engine Components\DAL;C:\Program Files\Intel\Intel(R) Management Engine Components\DAL;C:\Program Files\nodejs\;C:\Users\DELL\AppData\Local\Microsoft\WindowsApps;C:\jdk-12.0.2\bin;C:\apache-tomcat-7.0.100\bin;C:\MYSQLLIB\mysql-5.7.26-winx64\mysql-5.7.26-winx64\bin;C:\Maven\apache-maven-3.6.3\bin;C:\Users\DELL\AppData\Local\GitHubDesktop\bin;D:\Microsoft VS Code\bin;C:\Users\DELL\AppData\Roaming\npm;C:\Program Files\nodejs;C:\Program Files\nodejs\node_global;C:\Program;D:\oclnames\instantclient_11_2;D:\oclnames;;."/>
    <property name="java.vm.info" value="mixed mode, sharing"/>
    <property name="java.vendor" value="Oracle Corporation"/>
    <property name="java.vm.version" value="12.0.2+10"/>
    <property name="idea.version2019.3" value="true"/>
    <property name="sun.io.unicode.encoding" value="UnicodeLittle"/>
    <property name="maven.repo.local" value="C:\Maven\apache-maven-3.6.3\Maven-Repository"/>
    <property name="java.class.version" value="56.0"/>
  </properties>
  <testcase name="shouldAnswerWithTrue" classname="org.example.AppTest" time="0.002"/>
</testsuite>